2025-05-07 15:48:42,356 - database - INFO - Successfully connected to MongoDB
2025-05-07 15:48:42,357 - WDM - INFO - ====== WebDriver manager ======
2025-05-07 15:48:43,640 - WDM - INFO - Get LATEST chromedriver version for google-chrome
2025-05-07 15:48:44,373 - WDM - INFO - Get LATEST chromedriver version for google-chrome
2025-05-07 15:48:45,035 - WDM - INFO - Driver [C:\Users\hp\.wdm\drivers\chromedriver\win64\136.0.7103.92\chromedriver-win32/chromedriver.exe] found in cache
2025-05-07 15:48:46,689 - scraper - INFO - Browser initialized successfully
2025-05-07 15:48:55,767 - scraper - INFO - Successfully logged in to Twitter
2025-05-07 15:48:59,242 - scraper - INFO - Successfully navigated to profile
2025-05-07 15:49:02,243 - scraper - INFO - Starting to scrape posts...
2025-05-07 15:49:03,654 - database - INFO - Updated existing tweet from 2025-05-07T07:13:02.000Z
2025-05-07 15:49:03,660 - scraper - INFO - Scraped post 1 of 50
2025-05-07 15:49:04,762 - database - INFO - Updated existing tweet from 2025-05-07T07:11:41.000Z
2025-05-07 15:49:04,762 - scraper - INFO - Scraped post 2 of 50
2025-05-07 15:49:06,800 - scraper - INFO - Reached the end of the page
2025-05-07 15:49:06,802 - scraper - INFO - Successfully saved 2 posts to twitter_posts_20250507_154906.json
2025-05-07 15:49:39,346 - scraper - INFO - Browser closed
2025-05-07 15:49:39,451 - database - INFO - MongoDB connection closed
2025-05-09 10:26:37,792 - database - INFO - Successfully connected to MongoDB
2025-05-09 10:26:37,794 - WDM - INFO - ====== WebDriver manager ======
2025-05-09 10:26:39,482 - WDM - INFO - Get LATEST chromedriver version for google-chrome
2025-05-09 10:26:40,142 - WDM - INFO - Get LATEST chromedriver version for google-chrome
2025-05-09 10:26:40,752 - WDM - INFO - Get LATEST chromedriver version for google-chrome
2025-05-09 10:26:42,142 - WDM - INFO - WebDriver version 136.0.7103.92 selected
2025-05-09 10:26:42,148 - WDM - INFO - Modern chrome version https://storage.googleapis.com/chrome-for-testing-public/136.0.7103.92/win32/chromedriver-win32.zip
2025-05-09 10:26:42,149 - WDM - INFO - About to download new driver from https://storage.googleapis.com/chrome-for-testing-public/136.0.7103.92/win32/chromedriver-win32.zip
2025-05-09 10:26:43,044 - WDM - INFO - Driver downloading response is 200
2025-05-09 10:26:45,306 - WDM - INFO - Get LATEST chromedriver version for google-chrome
2025-05-09 10:26:47,543 - WDM - INFO - Driver has been saved in cache [C:\Users\hp\.wdm\drivers\chromedriver\win64\136.0.7103.92]
2025-05-09 10:26:47,583 - scraper - ERROR - Error initializing browser: [WinError 193] %1 is not a valid Win32 application
2025-05-09 10:26:47,587 - __main__ - ERROR - An error occurred: [WinError 193] %1 is not a valid Win32 application
2025-05-09 10:27:37,369 - database - INFO - Successfully connected to MongoDB
2025-05-09 10:27:37,371 - WDM - INFO - ====== WebDriver manager ======
2025-05-09 10:27:38,559 - WDM - INFO - Get LATEST chromedriver version for google-chrome
2025-05-09 10:27:39,227 - WDM - INFO - Get LATEST chromedriver version for google-chrome
2025-05-09 10:27:39,851 - WDM - INFO - Driver [C:\Users\hp\.wdm\drivers\chromedriver\win64\136.0.7103.92\chromedriver-win32/THIRD_PARTY_NOTICES.chromedriver] found in cache
2025-05-09 10:27:39,854 - scraper - ERROR - Error initializing browser: [WinError 193] %1 is not a valid Win32 application
2025-05-09 10:27:39,855 - __main__ - ERROR - An error occurred: [WinError 193] %1 is not a valid Win32 application
2025-05-09 10:28:02,926 - database - INFO - Successfully connected to MongoDB
2025-05-09 10:28:02,929 - WDM - INFO - ====== WebDriver manager ======
2025-05-09 10:28:04,742 - WDM - INFO - Get LATEST chromedriver version for google-chrome
2025-05-09 10:28:05,392 - WDM - INFO - Get LATEST chromedriver version for google-chrome
2025-05-09 10:28:05,974 - WDM - INFO - Driver [C:\Users\hp\.wdm\drivers\chromedriver\win64\136.0.7103.92\chromedriver-win32/THIRD_PARTY_NOTICES.chromedriver] found in cache
2025-05-09 10:28:05,979 - scraper - ERROR - Error initializing browser: [WinError 193] %1 is not a valid Win32 application
2025-05-09 10:28:05,979 - __main__ - ERROR - An error occurred: [WinError 193] %1 is not a valid Win32 application
2025-05-09 10:31:53,870 - database - INFO - Successfully connected to MongoDB
2025-05-09 10:31:53,871 - WDM - INFO - ====== WebDriver manager ======
2025-05-09 10:31:56,991 - WDM - INFO - Get LATEST chromedriver version for google-chrome
2025-05-09 10:31:58,362 - WDM - INFO - Get LATEST chromedriver version for google-chrome
2025-05-09 10:31:59,652 - WDM - INFO - Driver [C:\Users\hp\.wdm\drivers\chromedriver\win64\136.0.7103.92\chromedriver-win32/THIRD_PARTY_NOTICES.chromedriver] found in cache
2025-05-09 10:31:59,746 - scraper - ERROR - Error initializing browser: [WinError 193] %1 is not a valid Win32 application
2025-05-09 10:31:59,746 - __main__ - ERROR - An error occurred: [WinError 193] %1 is not a valid Win32 application
2025-05-09 10:39:50,526 - database - INFO - Successfully connected to MongoDB
2025-05-09 10:39:50,526 - scraper - ERROR - Error initializing browser: ChromeDriverManager.__init__() got an unexpected keyword argument 'os_type'
2025-05-09 10:39:50,528 - __main__ - ERROR - An error occurred: ChromeDriverManager.__init__() got an unexpected keyword argument 'os_type'
2025-05-09 10:40:43,395 - database - INFO - Successfully connected to MongoDB
2025-05-09 10:40:43,396 - scraper - ERROR - Error initializing browser: ChromeDriverManager.__init__() got an unexpected keyword argument 'version'
2025-05-09 10:40:43,396 - __main__ - ERROR - An error occurred: ChromeDriverManager.__init__() got an unexpected keyword argument 'version'
2025-05-09 10:43:50,216 - database - INFO - Successfully connected to MongoDB
2025-05-09 10:43:52,560 - scraper - INFO - Browser initialized successfully
2025-05-09 10:44:00,671 - scraper - INFO - Successfully logged in to Twitter
2025-05-09 10:44:05,588 - scraper - INFO - Successfully navigated to profile
2025-05-09 10:44:08,589 - scraper - INFO - Starting to scrape posts...
2025-05-09 10:44:10,093 - database - INFO - Inserted new tweet from 2025-05-09T07:26:07.000Z
2025-05-09 10:44:10,093 - scraper - INFO - Scraped post 1 of 50
2025-05-09 10:44:10,715 - database - INFO - Updated existing tweet from 2025-05-07T07:13:02.000Z
2025-05-09 10:44:10,717 - scraper - INFO - Scraped post 2 of 50
2025-05-09 10:44:11,211 - database - INFO - Updated existing tweet from 2025-05-07T07:11:41.000Z
2025-05-09 10:44:11,211 - scraper - INFO - Scraped post 3 of 50
2025-05-09 10:44:13,661 - database - INFO - Updated existing tweet from 2025-05-09T07:26:07.000Z
2025-05-09 10:44:13,671 - scraper - INFO - Scraped post 4 of 50
2025-05-09 10:44:14,041 - database - INFO - Updated existing tweet from 2025-05-07T07:13:02.000Z
2025-05-09 10:44:14,042 - scraper - INFO - Scraped post 5 of 50
2025-05-09 10:44:14,381 - database - INFO - Updated existing tweet from 2025-05-07T07:11:41.000Z
2025-05-09 10:44:14,381 - scraper - INFO - Scraped post 6 of 50
2025-05-09 10:44:16,397 - scraper - INFO - Reached the end of the page
2025-05-09 10:44:16,399 - scraper - ERROR - Error saving posts to JSON: Object of type ObjectId is not JSON serializable
2025-05-09 10:44:48,821 - scraper - INFO - Browser closed
2025-05-09 10:44:48,941 - database - INFO - MongoDB connection closed
2025-05-09 10:46:09,868 - database - INFO - Successfully connected to MongoDB
2025-05-09 10:46:11,006 - scraper - INFO - Browser initialized successfully
2025-05-09 10:46:19,891 - scraper - INFO - Successfully logged in to Twitter
2025-05-09 10:46:25,433 - scraper - INFO - Successfully navigated to profile
2025-05-09 10:46:28,435 - scraper - INFO - Starting to scrape posts...
2025-05-09 10:46:29,472 - database - INFO - Updated existing tweet from 2025-05-09T07:26:07.000Z
2025-05-09 10:46:29,473 - scraper - INFO - Scraped post 1 of 50
2025-05-09 10:46:29,865 - database - INFO - Updated existing tweet from 2025-05-07T07:13:02.000Z
2025-05-09 10:46:29,865 - scraper - INFO - Scraped post 2 of 50
2025-05-09 10:46:30,235 - database - INFO - Updated existing tweet from 2025-05-07T07:11:41.000Z
2025-05-09 10:46:30,235 - scraper - INFO - Scraped post 3 of 50
2025-05-09 10:46:32,277 - scraper - INFO - Reached the end of the page
2025-05-09 10:46:32,277 - scraper - INFO - Successfully saved 3 posts to twitter_posts_20250509_104632.json
2025-05-09 10:47:06,654 - scraper - INFO - Browser closed
2025-05-09 10:47:06,755 - database - INFO - MongoDB connection closed
2025-05-12 11:38:47,235 - database - INFO - Successfully connected to MongoDB
2025-05-12 11:38:49,112 - scraper - INFO - Browser initialized successfully
2025-05-12 11:39:01,003 - scraper - INFO - Successfully logged in to Twitter
2025-05-12 11:39:05,970 - scraper - INFO - Successfully navigated to profile
2025-05-12 11:39:08,971 - scraper - INFO - Starting to scrape posts...
2025-05-12 11:39:39,515 - database - ERROR - Error saving to MongoDB: SSL handshake failed: ac-e1h94pm-shard-00-00.m18jhwu.mongodb.net:27017: [SSL: TLSV1_ALERT_INTERNAL_ERROR] tlsv1 alert internal error (_ssl.c:1006) (configured timeouts: socketTimeoutMS: 20000.0ms, connectTimeoutMS: 20000.0ms),SSL handshake failed: ac-e1h94pm-shard-00-02.m18jhwu.mongodb.net:27017: [SSL: TLSV1_ALERT_INTERNAL_ERROR] tlsv1 alert internal error (_ssl.c:1006) (configured timeouts: socketTimeoutMS: 20000.0ms, connectTimeoutMS: 20000.0ms),SSL handshake failed: ac-e1h94pm-shard-00-01.m18jhwu.mongodb.net:27017: [SSL: TLSV1_ALERT_INTERNAL_ERROR] tlsv1 alert internal error (_ssl.c:1006) (configured timeouts: socketTimeoutMS: 20000.0ms, connectTimeoutMS: 20000.0ms), Timeout: 30s, Topology Description: <TopologyDescription id: 6821b397ca9137b399f29998, topology_type: ReplicaSetNoPrimary, servers: [<ServerDescription ('ac-e1h94pm-shard-00-00.m18jhwu.mongodb.net', 27017) server_type: Unknown, rtt: None, error=AutoReconnect('SSL handshake failed: ac-e1h94pm-shard-00-00.m18jhwu.mongodb.net:27017: [SSL: TLSV1_ALERT_INTERNAL_ERROR] tlsv1 alert internal error (_ssl.c:1006) (configured timeouts: socketTimeoutMS: 20000.0ms, connectTimeoutMS: 20000.0ms)')>, <ServerDescription ('ac-e1h94pm-shard-00-01.m18jhwu.mongodb.net', 27017) server_type: Unknown, rtt: None, error=AutoReconnect('SSL handshake failed: ac-e1h94pm-shard-00-01.m18jhwu.mongodb.net:27017: [SSL: TLSV1_ALERT_INTERNAL_ERROR] tlsv1 alert internal error (_ssl.c:1006) (configured timeouts: socketTimeoutMS: 20000.0ms, connectTimeoutMS: 20000.0ms)')>, <ServerDescription ('ac-e1h94pm-shard-00-02.m18jhwu.mongodb.net', 27017) server_type: Unknown, rtt: None, error=AutoReconnect('SSL handshake failed: ac-e1h94pm-shard-00-02.m18jhwu.mongodb.net:27017: [SSL: TLSV1_ALERT_INTERNAL_ERROR] tlsv1 alert internal error (_ssl.c:1006) (configured timeouts: socketTimeoutMS: 20000.0ms, connectTimeoutMS: 20000.0ms)')>]>
2025-05-12 11:39:39,518 - scraper - INFO - Scraped post 1 of 50
2025-05-12 11:40:10,223 - database - ERROR - Error saving to MongoDB: SSL handshake failed: ac-e1h94pm-shard-00-00.m18jhwu.mongodb.net:27017: [SSL: TLSV1_ALERT_INTERNAL_ERROR] tlsv1 alert internal error (_ssl.c:1006) (configured timeouts: socketTimeoutMS: 20000.0ms, connectTimeoutMS: 20000.0ms),SSL handshake failed: ac-e1h94pm-shard-00-02.m18jhwu.mongodb.net:27017: [SSL: TLSV1_ALERT_INTERNAL_ERROR] tlsv1 alert internal error (_ssl.c:1006) (configured timeouts: socketTimeoutMS: 20000.0ms, connectTimeoutMS: 20000.0ms),SSL handshake failed: ac-e1h94pm-shard-00-01.m18jhwu.mongodb.net:27017: [SSL: TLSV1_ALERT_INTERNAL_ERROR] tlsv1 alert internal error (_ssl.c:1006) (configured timeouts: socketTimeoutMS: 20000.0ms, connectTimeoutMS: 20000.0ms), Timeout: 30s, Topology Description: <TopologyDescription id: 6821b397ca9137b399f29998, topology_type: ReplicaSetNoPrimary, servers: [<ServerDescription ('ac-e1h94pm-shard-00-00.m18jhwu.mongodb.net', 27017) server_type: Unknown, rtt: None, error=AutoReconnect('SSL handshake failed: ac-e1h94pm-shard-00-00.m18jhwu.mongodb.net:27017: [SSL: TLSV1_ALERT_INTERNAL_ERROR] tlsv1 alert internal error (_ssl.c:1006) (configured timeouts: socketTimeoutMS: 20000.0ms, connectTimeoutMS: 20000.0ms)')>, <ServerDescription ('ac-e1h94pm-shard-00-01.m18jhwu.mongodb.net', 27017) server_type: Unknown, rtt: None, error=AutoReconnect('SSL handshake failed: ac-e1h94pm-shard-00-01.m18jhwu.mongodb.net:27017: [SSL: TLSV1_ALERT_INTERNAL_ERROR] tlsv1 alert internal error (_ssl.c:1006) (configured timeouts: socketTimeoutMS: 20000.0ms, connectTimeoutMS: 20000.0ms)')>, <ServerDescription ('ac-e1h94pm-shard-00-02.m18jhwu.mongodb.net', 27017) server_type: Unknown, rtt: None, error=AutoReconnect('SSL handshake failed: ac-e1h94pm-shard-00-02.m18jhwu.mongodb.net:27017: [SSL: TLSV1_ALERT_INTERNAL_ERROR] tlsv1 alert internal error (_ssl.c:1006) (configured timeouts: socketTimeoutMS: 20000.0ms, connectTimeoutMS: 20000.0ms)')>]>
2025-05-12 11:40:10,223 - scraper - INFO - Scraped post 2 of 50
2025-05-12 11:40:10,225 - scraper - ERROR - Error extracting tweet data: Message: invalid session id: session deleted as the browser has closed the connection
from disconnected: not connected to DevTools
  (Session info: chrome=136.0.7103.93)
Stacktrace:
	GetHandleVerifier [0x00007FF653E9A145+76773]
	GetHandleVerifier [0x00007FF653E9A1A0+76864]
	(No symbol) [0x00007FF653C58F7A]
	(No symbol) [0x00007FF653C44DF5]
	(No symbol) [0x00007FF653C69DB4]
	(No symbol) [0x00007FF653CDECD5]
	(No symbol) [0x00007FF653CFE9C2]
	(No symbol) [0x00007FF653CD7133]
	(No symbol) [0x00007FF653CA04D1]
	(No symbol) [0x00007FF653CA1263]
	GetHandleVerifier [0x00007FF65415A8ED+2962317]
	GetHandleVerifier [0x00007FF654154EC2+2939234]
	GetHandleVerifier [0x00007FF654172FF3+3062419]
	GetHandleVerifier [0x00007FF653EB4B9A+185914]
	GetHandleVerifier [0x00007FF653EBC78F+217647]
	GetHandleVerifier [0x00007FF653EA2A44+111844]
	GetHandleVerifier [0x00007FF653EA2BF2+112274]
	GetHandleVerifier [0x00007FF653E88A79+5401]
	BaseThreadInitThunk [0x00007FFC42CE257D+29]
	RtlUserThreadStart [0x00007FFC43A2AF08+40]

2025-05-12 11:40:10,486 - scraper - ERROR - Error extracting tweet data: Message: invalid session id
Stacktrace:
	GetHandleVerifier [0x00007FF653E9A145+76773]
	GetHandleVerifier [0x00007FF653E9A1A0+76864]
	(No symbol) [0x00007FF653C58DAC]
	(No symbol) [0x00007FF653C9F5FF]
	(No symbol) [0x00007FF653CD7222]
	(No symbol) [0x00007FF653CD1C43]
	(No symbol) [0x00007FF653CD0D09]
	(No symbol) [0x00007FF653C25A55]
	GetHandleVerifier [0x00007FF65415A8ED+2962317]
	GetHandleVerifier [0x00007FF654154EC2+2939234]
	GetHandleVerifier [0x00007FF654172FF3+3062419]
	GetHandleVerifier [0x00007FF653EB4B9A+185914]
	GetHandleVerifier [0x00007FF653EBC78F+217647]
	(No symbol) [0x00007FF653C24AC8]
	GetHandleVerifier [0x00007FF6542662A8+4058440]
	BaseThreadInitThunk [0x00007FFC42CE257D+29]
	RtlUserThreadStart [0x00007FFC43A2AF08+40]

2025-05-12 11:40:10,491 - scraper - ERROR - Error extracting tweet data: Message: invalid session id
Stacktrace:
	GetHandleVerifier [0x00007FF653E9A145+76773]
	GetHandleVerifier [0x00007FF653E9A1A0+76864]
	(No symbol) [0x00007FF653C58DAC]
	(No symbol) [0x00007FF653C9F5FF]
	(No symbol) [0x00007FF653CD7222]
	(No symbol) [0x00007FF653CD1C43]
	(No symbol) [0x00007FF653CD0D09]
	(No symbol) [0x00007FF653C25A55]
	GetHandleVerifier [0x00007FF65415A8ED+2962317]
	GetHandleVerifier [0x00007FF654154EC2+2939234]
	GetHandleVerifier [0x00007FF654172FF3+3062419]
	GetHandleVerifier [0x00007FF653EB4B9A+185914]
	GetHandleVerifier [0x00007FF653EBC78F+217647]
	(No symbol) [0x00007FF653C24AC8]
	GetHandleVerifier [0x00007FF6542662A8+4058440]
	BaseThreadInitThunk [0x00007FFC42CE257D+29]
	RtlUserThreadStart [0x00007FFC43A2AF08+40]

2025-05-12 11:40:10,493 - scraper - ERROR - Error extracting tweet data: Message: invalid session id
Stacktrace:
	GetHandleVerifier [0x00007FF653E9A145+76773]
	GetHandleVerifier [0x00007FF653E9A1A0+76864]
	(No symbol) [0x00007FF653C58DAC]
	(No symbol) [0x00007FF653C9F5FF]
	(No symbol) [0x00007FF653CD7222]
	(No symbol) [0x00007FF653CD1C43]
	(No symbol) [0x00007FF653CD0D09]
	(No symbol) [0x00007FF653C25A55]
	GetHandleVerifier [0x00007FF65415A8ED+2962317]
	GetHandleVerifier [0x00007FF654154EC2+2939234]
	GetHandleVerifier [0x00007FF654172FF3+3062419]
	GetHandleVerifier [0x00007FF653EB4B9A+185914]
	GetHandleVerifier [0x00007FF653EBC78F+217647]
	(No symbol) [0x00007FF653C24AC8]
	GetHandleVerifier [0x00007FF6542662A8+4058440]
	BaseThreadInitThunk [0x00007FFC42CE257D+29]
	RtlUserThreadStart [0x00007FFC43A2AF08+40]

2025-05-12 11:40:10,494 - scraper - ERROR - Error during post scraping: Message: invalid session id
Stacktrace:
	GetHandleVerifier [0x00007FF653E9A145+76773]
	GetHandleVerifier [0x00007FF653E9A1A0+76864]
	(No symbol) [0x00007FF653C58DAC]
	(No symbol) [0x00007FF653C9F5FF]
	(No symbol) [0x00007FF653CD7222]
	(No symbol) [0x00007FF653CD1C43]
	(No symbol) [0x00007FF653CD0D09]
	(No symbol) [0x00007FF653C25A55]
	GetHandleVerifier [0x00007FF65415A8ED+2962317]
	GetHandleVerifier [0x00007FF654154EC2+2939234]
	GetHandleVerifier [0x00007FF654172FF3+3062419]
	GetHandleVerifier [0x00007FF653EB4B9A+185914]
	GetHandleVerifier [0x00007FF653EBC78F+217647]
	(No symbol) [0x00007FF653C24AC8]
	GetHandleVerifier [0x00007FF6542662A8+4058440]
	BaseThreadInitThunk [0x00007FFC42CE257D+29]
	RtlUserThreadStart [0x00007FFC43A2AF08+40]

2025-05-12 11:40:42,514 - scraper - INFO - Browser closed
2025-05-12 11:40:42,515 - database - INFO - MongoDB connection closed
2025-05-12 11:41:02,864 - database - INFO - Successfully connected to MongoDB
2025-05-12 11:41:04,150 - scraper - INFO - Browser initialized successfully
2025-05-12 11:41:16,236 - scraper - INFO - Successfully logged in to Twitter
2025-05-12 11:41:26,886 - scraper - INFO - Successfully navigated to profile
2025-05-12 11:41:29,889 - scraper - INFO - Starting to scrape posts...
2025-05-12 11:42:00,632 - database - ERROR - Error saving to MongoDB: SSL handshake failed: ac-e1h94pm-shard-00-02.m18jhwu.mongodb.net:27017: [SSL: TLSV1_ALERT_INTERNAL_ERROR] tlsv1 alert internal error (_ssl.c:1006) (configured timeouts: socketTimeoutMS: 20000.0ms, connectTimeoutMS: 20000.0ms),SSL handshake failed: ac-e1h94pm-shard-00-01.m18jhwu.mongodb.net:27017: [SSL: TLSV1_ALERT_INTERNAL_ERROR] tlsv1 alert internal error (_ssl.c:1006) (configured timeouts: socketTimeoutMS: 20000.0ms, connectTimeoutMS: 20000.0ms),SSL handshake failed: ac-e1h94pm-shard-00-00.m18jhwu.mongodb.net:27017: [SSL: TLSV1_ALERT_INTERNAL_ERROR] tlsv1 alert internal error (_ssl.c:1006) (configured timeouts: socketTimeoutMS: 20000.0ms, connectTimeoutMS: 20000.0ms), Timeout: 30s, Topology Description: <TopologyDescription id: 6821b41e99ca55a24eeb04e2, topology_type: ReplicaSetNoPrimary, servers: [<ServerDescription ('ac-e1h94pm-shard-00-00.m18jhwu.mongodb.net', 27017) server_type: Unknown, rtt: None, error=AutoReconnect('SSL handshake failed: ac-e1h94pm-shard-00-00.m18jhwu.mongodb.net:27017: [SSL: TLSV1_ALERT_INTERNAL_ERROR] tlsv1 alert internal error (_ssl.c:1006) (configured timeouts: socketTimeoutMS: 20000.0ms, connectTimeoutMS: 20000.0ms)')>, <ServerDescription ('ac-e1h94pm-shard-00-01.m18jhwu.mongodb.net', 27017) server_type: Unknown, rtt: None, error=AutoReconnect('SSL handshake failed: ac-e1h94pm-shard-00-01.m18jhwu.mongodb.net:27017: [SSL: TLSV1_ALERT_INTERNAL_ERROR] tlsv1 alert internal error (_ssl.c:1006) (configured timeouts: socketTimeoutMS: 20000.0ms, connectTimeoutMS: 20000.0ms)')>, <ServerDescription ('ac-e1h94pm-shard-00-02.m18jhwu.mongodb.net', 27017) server_type: Unknown, rtt: None, error=AutoReconnect('SSL handshake failed: ac-e1h94pm-shard-00-02.m18jhwu.mongodb.net:27017: [SSL: TLSV1_ALERT_INTERNAL_ERROR] tlsv1 alert internal error (_ssl.c:1006) (configured timeouts: socketTimeoutMS: 20000.0ms, connectTimeoutMS: 20000.0ms)')>]>
2025-05-12 11:42:00,641 - scraper - INFO - Scraped post 1 of 50
2025-05-12 11:42:31,596 - database - ERROR - Error saving to MongoDB: SSL handshake failed: ac-e1h94pm-shard-00-02.m18jhwu.mongodb.net:27017: [SSL: TLSV1_ALERT_INTERNAL_ERROR] tlsv1 alert internal error (_ssl.c:1006) (configured timeouts: socketTimeoutMS: 20000.0ms, connectTimeoutMS: 20000.0ms),SSL handshake failed: ac-e1h94pm-shard-00-01.m18jhwu.mongodb.net:27017: [SSL: TLSV1_ALERT_INTERNAL_ERROR] tlsv1 alert internal error (_ssl.c:1006) (configured timeouts: socketTimeoutMS: 20000.0ms, connectTimeoutMS: 20000.0ms),SSL handshake failed: ac-e1h94pm-shard-00-00.m18jhwu.mongodb.net:27017: [SSL: TLSV1_ALERT_INTERNAL_ERROR] tlsv1 alert internal error (_ssl.c:1006) (configured timeouts: socketTimeoutMS: 20000.0ms, connectTimeoutMS: 20000.0ms), Timeout: 30s, Topology Description: <TopologyDescription id: 6821b41e99ca55a24eeb04e2, topology_type: ReplicaSetNoPrimary, servers: [<ServerDescription ('ac-e1h94pm-shard-00-00.m18jhwu.mongodb.net', 27017) server_type: Unknown, rtt: None, error=AutoReconnect('SSL handshake failed: ac-e1h94pm-shard-00-00.m18jhwu.mongodb.net:27017: [SSL: TLSV1_ALERT_INTERNAL_ERROR] tlsv1 alert internal error (_ssl.c:1006) (configured timeouts: socketTimeoutMS: 20000.0ms, connectTimeoutMS: 20000.0ms)')>, <ServerDescription ('ac-e1h94pm-shard-00-01.m18jhwu.mongodb.net', 27017) server_type: Unknown, rtt: None, error=AutoReconnect('SSL handshake failed: ac-e1h94pm-shard-00-01.m18jhwu.mongodb.net:27017: [SSL: TLSV1_ALERT_INTERNAL_ERROR] tlsv1 alert internal error (_ssl.c:1006) (configured timeouts: socketTimeoutMS: 20000.0ms, connectTimeoutMS: 20000.0ms)')>, <ServerDescription ('ac-e1h94pm-shard-00-02.m18jhwu.mongodb.net', 27017) server_type: Unknown, rtt: None, error=AutoReconnect('SSL handshake failed: ac-e1h94pm-shard-00-02.m18jhwu.mongodb.net:27017: [SSL: TLSV1_ALERT_INTERNAL_ERROR] tlsv1 alert internal error (_ssl.c:1006) (configured timeouts: socketTimeoutMS: 20000.0ms, connectTimeoutMS: 20000.0ms)')>]>
2025-05-12 11:42:31,612 - scraper - INFO - Scraped post 2 of 50
2025-05-12 11:43:01,976 - database - ERROR - Error saving to MongoDB: SSL handshake failed: ac-e1h94pm-shard-00-02.m18jhwu.mongodb.net:27017: [SSL: TLSV1_ALERT_INTERNAL_ERROR] tlsv1 alert internal error (_ssl.c:1006) (configured timeouts: socketTimeoutMS: 20000.0ms, connectTimeoutMS: 20000.0ms),SSL handshake failed: ac-e1h94pm-shard-00-01.m18jhwu.mongodb.net:27017: [SSL: TLSV1_ALERT_INTERNAL_ERROR] tlsv1 alert internal error (_ssl.c:1006) (configured timeouts: socketTimeoutMS: 20000.0ms, connectTimeoutMS: 20000.0ms),SSL handshake failed: ac-e1h94pm-shard-00-00.m18jhwu.mongodb.net:27017: [SSL: TLSV1_ALERT_INTERNAL_ERROR] tlsv1 alert internal error (_ssl.c:1006) (configured timeouts: socketTimeoutMS: 20000.0ms, connectTimeoutMS: 20000.0ms), Timeout: 30s, Topology Description: <TopologyDescription id: 6821b41e99ca55a24eeb04e2, topology_type: ReplicaSetNoPrimary, servers: [<ServerDescription ('ac-e1h94pm-shard-00-00.m18jhwu.mongodb.net', 27017) server_type: Unknown, rtt: None, error=AutoReconnect('SSL handshake failed: ac-e1h94pm-shard-00-00.m18jhwu.mongodb.net:27017: [SSL: TLSV1_ALERT_INTERNAL_ERROR] tlsv1 alert internal error (_ssl.c:1006) (configured timeouts: socketTimeoutMS: 20000.0ms, connectTimeoutMS: 20000.0ms)')>, <ServerDescription ('ac-e1h94pm-shard-00-01.m18jhwu.mongodb.net', 27017) server_type: Unknown, rtt: None, error=AutoReconnect('SSL handshake failed: ac-e1h94pm-shard-00-01.m18jhwu.mongodb.net:27017: [SSL: TLSV1_ALERT_INTERNAL_ERROR] tlsv1 alert internal error (_ssl.c:1006) (configured timeouts: socketTimeoutMS: 20000.0ms, connectTimeoutMS: 20000.0ms)')>, <ServerDescription ('ac-e1h94pm-shard-00-02.m18jhwu.mongodb.net', 27017) server_type: Unknown, rtt: None, error=AutoReconnect('SSL handshake failed: ac-e1h94pm-shard-00-02.m18jhwu.mongodb.net:27017: [SSL: TLSV1_ALERT_INTERNAL_ERROR] tlsv1 alert internal error (_ssl.c:1006) (configured timeouts: socketTimeoutMS: 20000.0ms, connectTimeoutMS: 20000.0ms)')>]>
2025-05-12 11:43:01,978 - scraper - INFO - Scraped post 3 of 50
2025-05-12 11:43:32,479 - database - ERROR - Error saving to MongoDB: SSL handshake failed: ac-e1h94pm-shard-00-02.m18jhwu.mongodb.net:27017: [SSL: TLSV1_ALERT_INTERNAL_ERROR] tlsv1 alert internal error (_ssl.c:1006) (configured timeouts: socketTimeoutMS: 20000.0ms, connectTimeoutMS: 20000.0ms),SSL handshake failed: ac-e1h94pm-shard-00-01.m18jhwu.mongodb.net:27017: [SSL: TLSV1_ALERT_INTERNAL_ERROR] tlsv1 alert internal error (_ssl.c:1006) (configured timeouts: socketTimeoutMS: 20000.0ms, connectTimeoutMS: 20000.0ms),SSL handshake failed: ac-e1h94pm-shard-00-00.m18jhwu.mongodb.net:27017: [SSL: TLSV1_ALERT_INTERNAL_ERROR] tlsv1 alert internal error (_ssl.c:1006) (configured timeouts: socketTimeoutMS: 20000.0ms, connectTimeoutMS: 20000.0ms), Timeout: 30s, Topology Description: <TopologyDescription id: 6821b41e99ca55a24eeb04e2, topology_type: ReplicaSetNoPrimary, servers: [<ServerDescription ('ac-e1h94pm-shard-00-00.m18jhwu.mongodb.net', 27017) server_type: Unknown, rtt: None, error=AutoReconnect('SSL handshake failed: ac-e1h94pm-shard-00-00.m18jhwu.mongodb.net:27017: [SSL: TLSV1_ALERT_INTERNAL_ERROR] tlsv1 alert internal error (_ssl.c:1006) (configured timeouts: socketTimeoutMS: 20000.0ms, connectTimeoutMS: 20000.0ms)')>, <ServerDescription ('ac-e1h94pm-shard-00-01.m18jhwu.mongodb.net', 27017) server_type: Unknown, rtt: None, error=AutoReconnect('SSL handshake failed: ac-e1h94pm-shard-00-01.m18jhwu.mongodb.net:27017: [SSL: TLSV1_ALERT_INTERNAL_ERROR] tlsv1 alert internal error (_ssl.c:1006) (configured timeouts: socketTimeoutMS: 20000.0ms, connectTimeoutMS: 20000.0ms)')>, <ServerDescription ('ac-e1h94pm-shard-00-02.m18jhwu.mongodb.net', 27017) server_type: Unknown, rtt: None, error=AutoReconnect('SSL handshake failed: ac-e1h94pm-shard-00-02.m18jhwu.mongodb.net:27017: [SSL: TLSV1_ALERT_INTERNAL_ERROR] tlsv1 alert internal error (_ssl.c:1006) (configured timeouts: socketTimeoutMS: 20000.0ms, connectTimeoutMS: 20000.0ms)')>]>
2025-05-12 11:43:32,482 - scraper - INFO - Scraped post 4 of 50
2025-05-12 11:44:03,164 - database - ERROR - Error saving to MongoDB: SSL handshake failed: ac-e1h94pm-shard-00-02.m18jhwu.mongodb.net:27017: [SSL: TLSV1_ALERT_INTERNAL_ERROR] tlsv1 alert internal error (_ssl.c:1006) (configured timeouts: socketTimeoutMS: 20000.0ms, connectTimeoutMS: 20000.0ms),SSL handshake failed: ac-e1h94pm-shard-00-01.m18jhwu.mongodb.net:27017: [SSL: TLSV1_ALERT_INTERNAL_ERROR] tlsv1 alert internal error (_ssl.c:1006) (configured timeouts: socketTimeoutMS: 20000.0ms, connectTimeoutMS: 20000.0ms),SSL handshake failed: ac-e1h94pm-shard-00-00.m18jhwu.mongodb.net:27017: [SSL: TLSV1_ALERT_INTERNAL_ERROR] tlsv1 alert internal error (_ssl.c:1006) (configured timeouts: socketTimeoutMS: 20000.0ms, connectTimeoutMS: 20000.0ms), Timeout: 30s, Topology Description: <TopologyDescription id: 6821b41e99ca55a24eeb04e2, topology_type: ReplicaSetNoPrimary, servers: [<ServerDescription ('ac-e1h94pm-shard-00-00.m18jhwu.mongodb.net', 27017) server_type: Unknown, rtt: None, error=AutoReconnect('SSL handshake failed: ac-e1h94pm-shard-00-00.m18jhwu.mongodb.net:27017: [SSL: TLSV1_ALERT_INTERNAL_ERROR] tlsv1 alert internal error (_ssl.c:1006) (configured timeouts: socketTimeoutMS: 20000.0ms, connectTimeoutMS: 20000.0ms)')>, <ServerDescription ('ac-e1h94pm-shard-00-01.m18jhwu.mongodb.net', 27017) server_type: Unknown, rtt: None, error=AutoReconnect('SSL handshake failed: ac-e1h94pm-shard-00-01.m18jhwu.mongodb.net:27017: [SSL: TLSV1_ALERT_INTERNAL_ERROR] tlsv1 alert internal error (_ssl.c:1006) (configured timeouts: socketTimeoutMS: 20000.0ms, connectTimeoutMS: 20000.0ms)')>, <ServerDescription ('ac-e1h94pm-shard-00-02.m18jhwu.mongodb.net', 27017) server_type: Unknown, rtt: None, error=AutoReconnect('SSL handshake failed: ac-e1h94pm-shard-00-02.m18jhwu.mongodb.net:27017: [SSL: TLSV1_ALERT_INTERNAL_ERROR] tlsv1 alert internal error (_ssl.c:1006) (configured timeouts: socketTimeoutMS: 20000.0ms, connectTimeoutMS: 20000.0ms)')>]>
2025-05-12 11:44:03,168 - scraper - INFO - Scraped post 5 of 50
2025-05-12 11:44:33,393 - database - ERROR - Error saving to MongoDB: SSL handshake failed: ac-e1h94pm-shard-00-02.m18jhwu.mongodb.net:27017: [SSL: TLSV1_ALERT_INTERNAL_ERROR] tlsv1 alert internal error (_ssl.c:1006) (configured timeouts: socketTimeoutMS: 20000.0ms, connectTimeoutMS: 20000.0ms),SSL handshake failed: ac-e1h94pm-shard-00-01.m18jhwu.mongodb.net:27017: [SSL: TLSV1_ALERT_INTERNAL_ERROR] tlsv1 alert internal error (_ssl.c:1006) (configured timeouts: socketTimeoutMS: 20000.0ms, connectTimeoutMS: 20000.0ms),SSL handshake failed: ac-e1h94pm-shard-00-00.m18jhwu.mongodb.net:27017: [SSL: TLSV1_ALERT_INTERNAL_ERROR] tlsv1 alert internal error (_ssl.c:1006) (configured timeouts: socketTimeoutMS: 20000.0ms, connectTimeoutMS: 20000.0ms), Timeout: 30s, Topology Description: <TopologyDescription id: 6821b41e99ca55a24eeb04e2, topology_type: ReplicaSetNoPrimary, servers: [<ServerDescription ('ac-e1h94pm-shard-00-00.m18jhwu.mongodb.net', 27017) server_type: Unknown, rtt: None, error=AutoReconnect('SSL handshake failed: ac-e1h94pm-shard-00-00.m18jhwu.mongodb.net:27017: [SSL: TLSV1_ALERT_INTERNAL_ERROR] tlsv1 alert internal error (_ssl.c:1006) (configured timeouts: socketTimeoutMS: 20000.0ms, connectTimeoutMS: 20000.0ms)')>, <ServerDescription ('ac-e1h94pm-shard-00-01.m18jhwu.mongodb.net', 27017) server_type: Unknown, rtt: None, error=AutoReconnect('SSL handshake failed: ac-e1h94pm-shard-00-01.m18jhwu.mongodb.net:27017: [SSL: TLSV1_ALERT_INTERNAL_ERROR] tlsv1 alert internal error (_ssl.c:1006) (configured timeouts: socketTimeoutMS: 20000.0ms, connectTimeoutMS: 20000.0ms)')>, <ServerDescription ('ac-e1h94pm-shard-00-02.m18jhwu.mongodb.net', 27017) server_type: Unknown, rtt: None, error=AutoReconnect('SSL handshake failed: ac-e1h94pm-shard-00-02.m18jhwu.mongodb.net:27017: [SSL: TLSV1_ALERT_INTERNAL_ERROR] tlsv1 alert internal error (_ssl.c:1006) (configured timeouts: socketTimeoutMS: 20000.0ms, connectTimeoutMS: 20000.0ms)')>]>
2025-05-12 11:44:33,394 - scraper - INFO - Scraped post 6 of 50
2025-05-12 11:44:35,407 - scraper - INFO - Reached the end of the page
2025-05-12 11:44:35,408 - scraper - INFO - Successfully saved 6 posts to twitter_posts_20250512_114435.json
2025-05-12 11:45:08,233 - scraper - INFO - Browser closed
2025-05-12 11:45:08,234 - database - INFO - MongoDB connection closed
2025-05-12 13:59:48,941 - database - ERROR - Error connecting to MongoDB: SSL handshake failed: ac-e1h94pm-shard-00-00.m18jhwu.mongodb.net:27017: [SSL: TLSV1_ALERT_INTERNAL_ERROR] tlsv1 alert internal error (_ssl.c:1006) (configured timeouts: socketTimeoutMS: 10000.0ms, connectTimeoutMS: 10000.0ms),SSL handshake failed: ac-e1h94pm-shard-00-02.m18jhwu.mongodb.net:27017: [SSL: TLSV1_ALERT_INTERNAL_ERROR] tlsv1 alert internal error (_ssl.c:1006) (configured timeouts: socketTimeoutMS: 10000.0ms, connectTimeoutMS: 10000.0ms),SSL handshake failed: ac-e1h94pm-shard-00-01.m18jhwu.mongodb.net:27017: [SSL: TLSV1_ALERT_INTERNAL_ERROR] tlsv1 alert internal error (_ssl.c:1006) (configured timeouts: socketTimeoutMS: 10000.0ms, connectTimeoutMS: 10000.0ms), Timeout: 5.0s, Topology Description: <TopologyDescription id: 6821d49f398f8446a981c5bf, topology_type: ReplicaSetNoPrimary, servers: [<ServerDescription ('ac-e1h94pm-shard-00-00.m18jhwu.mongodb.net', 27017) server_type: Unknown, rtt: None, error=AutoReconnect('SSL handshake failed: ac-e1h94pm-shard-00-00.m18jhwu.mongodb.net:27017: [SSL: TLSV1_ALERT_INTERNAL_ERROR] tlsv1 alert internal error (_ssl.c:1006) (configured timeouts: socketTimeoutMS: 10000.0ms, connectTimeoutMS: 10000.0ms)')>, <ServerDescription ('ac-e1h94pm-shard-00-01.m18jhwu.mongodb.net', 27017) server_type: Unknown, rtt: None, error=AutoReconnect('SSL handshake failed: ac-e1h94pm-shard-00-01.m18jhwu.mongodb.net:27017: [SSL: TLSV1_ALERT_INTERNAL_ERROR] tlsv1 alert internal error (_ssl.c:1006) (configured timeouts: socketTimeoutMS: 10000.0ms, connectTimeoutMS: 10000.0ms)')>, <ServerDescription ('ac-e1h94pm-shard-00-02.m18jhwu.mongodb.net', 27017) server_type: Unknown, rtt: None, error=AutoReconnect('SSL handshake failed: ac-e1h94pm-shard-00-02.m18jhwu.mongodb.net:27017: [SSL: TLSV1_ALERT_INTERNAL_ERROR] tlsv1 alert internal error (_ssl.c:1006) (configured timeouts: socketTimeoutMS: 10000.0ms, connectTimeoutMS: 10000.0ms)')>]>
2025-05-12 13:59:48,944 - __main__ - ERROR - An error occurred: SSL handshake failed: ac-e1h94pm-shard-00-00.m18jhwu.mongodb.net:27017: [SSL: TLSV1_ALERT_INTERNAL_ERROR] tlsv1 alert internal error (_ssl.c:1006) (configured timeouts: socketTimeoutMS: 10000.0ms, connectTimeoutMS: 10000.0ms),SSL handshake failed: ac-e1h94pm-shard-00-02.m18jhwu.mongodb.net:27017: [SSL: TLSV1_ALERT_INTERNAL_ERROR] tlsv1 alert internal error (_ssl.c:1006) (configured timeouts: socketTimeoutMS: 10000.0ms, connectTimeoutMS: 10000.0ms),SSL handshake failed: ac-e1h94pm-shard-00-01.m18jhwu.mongodb.net:27017: [SSL: TLSV1_ALERT_INTERNAL_ERROR] tlsv1 alert internal error (_ssl.c:1006) (configured timeouts: socketTimeoutMS: 10000.0ms, connectTimeoutMS: 10000.0ms), Timeout: 5.0s, Topology Description: <TopologyDescription id: 6821d49f398f8446a981c5bf, topology_type: ReplicaSetNoPrimary, servers: [<ServerDescription ('ac-e1h94pm-shard-00-00.m18jhwu.mongodb.net', 27017) server_type: Unknown, rtt: None, error=AutoReconnect('SSL handshake failed: ac-e1h94pm-shard-00-00.m18jhwu.mongodb.net:27017: [SSL: TLSV1_ALERT_INTERNAL_ERROR] tlsv1 alert internal error (_ssl.c:1006) (configured timeouts: socketTimeoutMS: 10000.0ms, connectTimeoutMS: 10000.0ms)')>, <ServerDescription ('ac-e1h94pm-shard-00-01.m18jhwu.mongodb.net', 27017) server_type: Unknown, rtt: None, error=AutoReconnect('SSL handshake failed: ac-e1h94pm-shard-00-01.m18jhwu.mongodb.net:27017: [SSL: TLSV1_ALERT_INTERNAL_ERROR] tlsv1 alert internal error (_ssl.c:1006) (configured timeouts: socketTimeoutMS: 10000.0ms, connectTimeoutMS: 10000.0ms)')>, <ServerDescription ('ac-e1h94pm-shard-00-02.m18jhwu.mongodb.net', 27017) server_type: Unknown, rtt: None, error=AutoReconnect('SSL handshake failed: ac-e1h94pm-shard-00-02.m18jhwu.mongodb.net:27017: [SSL: TLSV1_ALERT_INTERNAL_ERROR] tlsv1 alert internal error (_ssl.c:1006) (configured timeouts: socketTimeoutMS: 10000.0ms, connectTimeoutMS: 10000.0ms)')>]>
2025-05-12 14:00:45,871 - database - ERROR - Error connecting to MongoDB: SSL handshake failed: ac-e1h94pm-shard-00-02.m18jhwu.mongodb.net:27017: [SSL: TLSV1_ALERT_INTERNAL_ERROR] tlsv1 alert internal error (_ssl.c:1006) (configured timeouts: socketTimeoutMS: 10000.0ms, connectTimeoutMS: 10000.0ms),SSL handshake failed: ac-e1h94pm-shard-00-00.m18jhwu.mongodb.net:27017: [SSL: TLSV1_ALERT_INTERNAL_ERROR] tlsv1 alert internal error (_ssl.c:1006) (configured timeouts: socketTimeoutMS: 10000.0ms, connectTimeoutMS: 10000.0ms),SSL handshake failed: ac-e1h94pm-shard-00-01.m18jhwu.mongodb.net:27017: [SSL: TLSV1_ALERT_INTERNAL_ERROR] tlsv1 alert internal error (_ssl.c:1006) (configured timeouts: socketTimeoutMS: 10000.0ms, connectTimeoutMS: 10000.0ms), Timeout: 5.0s, Topology Description: <TopologyDescription id: 6821d4d8ee41356b84136d3b, topology_type: ReplicaSetNoPrimary, servers: [<ServerDescription ('ac-e1h94pm-shard-00-00.m18jhwu.mongodb.net', 27017) server_type: Unknown, rtt: None, error=AutoReconnect('SSL handshake failed: ac-e1h94pm-shard-00-00.m18jhwu.mongodb.net:27017: [SSL: TLSV1_ALERT_INTERNAL_ERROR] tlsv1 alert internal error (_ssl.c:1006) (configured timeouts: socketTimeoutMS: 10000.0ms, connectTimeoutMS: 10000.0ms)')>, <ServerDescription ('ac-e1h94pm-shard-00-01.m18jhwu.mongodb.net', 27017) server_type: Unknown, rtt: None, error=AutoReconnect('SSL handshake failed: ac-e1h94pm-shard-00-01.m18jhwu.mongodb.net:27017: [SSL: TLSV1_ALERT_INTERNAL_ERROR] tlsv1 alert internal error (_ssl.c:1006) (configured timeouts: socketTimeoutMS: 10000.0ms, connectTimeoutMS: 10000.0ms)')>, <ServerDescription ('ac-e1h94pm-shard-00-02.m18jhwu.mongodb.net', 27017) server_type: Unknown, rtt: None, error=AutoReconnect('SSL handshake failed: ac-e1h94pm-shard-00-02.m18jhwu.mongodb.net:27017: [SSL: TLSV1_ALERT_INTERNAL_ERROR] tlsv1 alert internal error (_ssl.c:1006) (configured timeouts: socketTimeoutMS: 10000.0ms, connectTimeoutMS: 10000.0ms)')>]>
2025-05-12 14:00:45,881 - __main__ - ERROR - An error occurred: SSL handshake failed: ac-e1h94pm-shard-00-02.m18jhwu.mongodb.net:27017: [SSL: TLSV1_ALERT_INTERNAL_ERROR] tlsv1 alert internal error (_ssl.c:1006) (configured timeouts: socketTimeoutMS: 10000.0ms, connectTimeoutMS: 10000.0ms),SSL handshake failed: ac-e1h94pm-shard-00-00.m18jhwu.mongodb.net:27017: [SSL: TLSV1_ALERT_INTERNAL_ERROR] tlsv1 alert internal error (_ssl.c:1006) (configured timeouts: socketTimeoutMS: 10000.0ms, connectTimeoutMS: 10000.0ms),SSL handshake failed: ac-e1h94pm-shard-00-01.m18jhwu.mongodb.net:27017: [SSL: TLSV1_ALERT_INTERNAL_ERROR] tlsv1 alert internal error (_ssl.c:1006) (configured timeouts: socketTimeoutMS: 10000.0ms, connectTimeoutMS: 10000.0ms), Timeout: 5.0s, Topology Description: <TopologyDescription id: 6821d4d8ee41356b84136d3b, topology_type: ReplicaSetNoPrimary, servers: [<ServerDescription ('ac-e1h94pm-shard-00-00.m18jhwu.mongodb.net', 27017) server_type: Unknown, rtt: None, error=AutoReconnect('SSL handshake failed: ac-e1h94pm-shard-00-00.m18jhwu.mongodb.net:27017: [SSL: TLSV1_ALERT_INTERNAL_ERROR] tlsv1 alert internal error (_ssl.c:1006) (configured timeouts: socketTimeoutMS: 10000.0ms, connectTimeoutMS: 10000.0ms)')>, <ServerDescription ('ac-e1h94pm-shard-00-01.m18jhwu.mongodb.net', 27017) server_type: Unknown, rtt: None, error=AutoReconnect('SSL handshake failed: ac-e1h94pm-shard-00-01.m18jhwu.mongodb.net:27017: [SSL: TLSV1_ALERT_INTERNAL_ERROR] tlsv1 alert internal error (_ssl.c:1006) (configured timeouts: socketTimeoutMS: 10000.0ms, connectTimeoutMS: 10000.0ms)')>, <ServerDescription ('ac-e1h94pm-shard-00-02.m18jhwu.mongodb.net', 27017) server_type: Unknown, rtt: None, error=AutoReconnect('SSL handshake failed: ac-e1h94pm-shard-00-02.m18jhwu.mongodb.net:27017: [SSL: TLSV1_ALERT_INTERNAL_ERROR] tlsv1 alert internal error (_ssl.c:1006) (configured timeouts: socketTimeoutMS: 10000.0ms, connectTimeoutMS: 10000.0ms)')>]>
2025-05-12 14:01:05,891 - database - ERROR - Error connecting to MongoDB: SSL handshake failed: ac-e1h94pm-shard-00-01.m18jhwu.mongodb.net:27017: [SSL: TLSV1_ALERT_INTERNAL_ERROR] tlsv1 alert internal error (_ssl.c:1006) (configured timeouts: socketTimeoutMS: 10000.0ms, connectTimeoutMS: 10000.0ms),SSL handshake failed: ac-e1h94pm-shard-00-02.m18jhwu.mongodb.net:27017: [SSL: TLSV1_ALERT_INTERNAL_ERROR] tlsv1 alert internal error (_ssl.c:1006) (configured timeouts: socketTimeoutMS: 10000.0ms, connectTimeoutMS: 10000.0ms),SSL handshake failed: ac-e1h94pm-shard-00-00.m18jhwu.mongodb.net:27017: [SSL: TLSV1_ALERT_INTERNAL_ERROR] tlsv1 alert internal error (_ssl.c:1006) (configured timeouts: socketTimeoutMS: 10000.0ms, connectTimeoutMS: 10000.0ms), Timeout: 5.0s, Topology Description: <TopologyDescription id: 6821d4ec7f3a7fe28643528d, topology_type: ReplicaSetNoPrimary, servers: [<ServerDescription ('ac-e1h94pm-shard-00-00.m18jhwu.mongodb.net', 27017) server_type: Unknown, rtt: None, error=AutoReconnect('SSL handshake failed: ac-e1h94pm-shard-00-00.m18jhwu.mongodb.net:27017: [SSL: TLSV1_ALERT_INTERNAL_ERROR] tlsv1 alert internal error (_ssl.c:1006) (configured timeouts: socketTimeoutMS: 10000.0ms, connectTimeoutMS: 10000.0ms)')>, <ServerDescription ('ac-e1h94pm-shard-00-01.m18jhwu.mongodb.net', 27017) server_type: Unknown, rtt: None, error=AutoReconnect('SSL handshake failed: ac-e1h94pm-shard-00-01.m18jhwu.mongodb.net:27017: [SSL: TLSV1_ALERT_INTERNAL_ERROR] tlsv1 alert internal error (_ssl.c:1006) (configured timeouts: socketTimeoutMS: 10000.0ms, connectTimeoutMS: 10000.0ms)')>, <ServerDescription ('ac-e1h94pm-shard-00-02.m18jhwu.mongodb.net', 27017) server_type: Unknown, rtt: None, error=AutoReconnect('SSL handshake failed: ac-e1h94pm-shard-00-02.m18jhwu.mongodb.net:27017: [SSL: TLSV1_ALERT_INTERNAL_ERROR] tlsv1 alert internal error (_ssl.c:1006) (configured timeouts: socketTimeoutMS: 10000.0ms, connectTimeoutMS: 10000.0ms)')>]>
2025-05-12 14:01:05,909 - __main__ - ERROR - An error occurred: SSL handshake failed: ac-e1h94pm-shard-00-01.m18jhwu.mongodb.net:27017: [SSL: TLSV1_ALERT_INTERNAL_ERROR] tlsv1 alert internal error (_ssl.c:1006) (configured timeouts: socketTimeoutMS: 10000.0ms, connectTimeoutMS: 10000.0ms),SSL handshake failed: ac-e1h94pm-shard-00-02.m18jhwu.mongodb.net:27017: [SSL: TLSV1_ALERT_INTERNAL_ERROR] tlsv1 alert internal error (_ssl.c:1006) (configured timeouts: socketTimeoutMS: 10000.0ms, connectTimeoutMS: 10000.0ms),SSL handshake failed: ac-e1h94pm-shard-00-00.m18jhwu.mongodb.net:27017: [SSL: TLSV1_ALERT_INTERNAL_ERROR] tlsv1 alert internal error (_ssl.c:1006) (configured timeouts: socketTimeoutMS: 10000.0ms, connectTimeoutMS: 10000.0ms), Timeout: 5.0s, Topology Description: <TopologyDescription id: 6821d4ec7f3a7fe28643528d, topology_type: ReplicaSetNoPrimary, servers: [<ServerDescription ('ac-e1h94pm-shard-00-00.m18jhwu.mongodb.net', 27017) server_type: Unknown, rtt: None, error=AutoReconnect('SSL handshake failed: ac-e1h94pm-shard-00-00.m18jhwu.mongodb.net:27017: [SSL: TLSV1_ALERT_INTERNAL_ERROR] tlsv1 alert internal error (_ssl.c:1006) (configured timeouts: socketTimeoutMS: 10000.0ms, connectTimeoutMS: 10000.0ms)')>, <ServerDescription ('ac-e1h94pm-shard-00-01.m18jhwu.mongodb.net', 27017) server_type: Unknown, rtt: None, error=AutoReconnect('SSL handshake failed: ac-e1h94pm-shard-00-01.m18jhwu.mongodb.net:27017: [SSL: TLSV1_ALERT_INTERNAL_ERROR] tlsv1 alert internal error (_ssl.c:1006) (configured timeouts: socketTimeoutMS: 10000.0ms, connectTimeoutMS: 10000.0ms)')>, <ServerDescription ('ac-e1h94pm-shard-00-02.m18jhwu.mongodb.net', 27017) server_type: Unknown, rtt: None, error=AutoReconnect('SSL handshake failed: ac-e1h94pm-shard-00-02.m18jhwu.mongodb.net:27017: [SSL: TLSV1_ALERT_INTERNAL_ERROR] tlsv1 alert internal error (_ssl.c:1006) (configured timeouts: socketTimeoutMS: 10000.0ms, connectTimeoutMS: 10000.0ms)')>]>
2025-05-12 14:02:31,560 - database - ERROR - Error connecting to MongoDB: Unknown option ssl_cert_reqs
2025-05-12 14:02:31,561 - __main__ - ERROR - An error occurred: Unknown option ssl_cert_reqs
2025-05-12 14:02:58,743 - database - ERROR - Error connecting to MongoDB: URI options tlsInsecure and tlsAllowInvalidHostnames cannot be specified simultaneously.
2025-05-12 14:02:58,743 - __main__ - ERROR - An error occurred: URI options tlsInsecure and tlsAllowInvalidHostnames cannot be specified simultaneously.
2025-05-12 14:06:43,647 - database - ERROR - Error connecting to MongoDB: SSL handshake failed: ac-e1h94pm-shard-00-02.m18jhwu.mongodb.net:27017: [SSL: TLSV1_ALERT_INTERNAL_ERROR] tlsv1 alert internal error (_ssl.c:1006) (configured timeouts: socketTimeoutMS: 30000.0ms, connectTimeoutMS: 30000.0ms),SSL handshake failed: ac-e1h94pm-shard-00-01.m18jhwu.mongodb.net:27017: [SSL: TLSV1_ALERT_INTERNAL_ERROR] tlsv1 alert internal error (_ssl.c:1006) (configured timeouts: socketTimeoutMS: 30000.0ms, connectTimeoutMS: 30000.0ms),SSL handshake failed: ac-e1h94pm-shard-00-00.m18jhwu.mongodb.net:27017: [SSL: TLSV1_ALERT_INTERNAL_ERROR] tlsv1 alert internal error (_ssl.c:1006) (configured timeouts: socketTimeoutMS: 30000.0ms, connectTimeoutMS: 30000.0ms), Timeout: 30.0s, Topology Description: <TopologyDescription id: 6821d6255cb7de69abca94ec, topology_type: ReplicaSetNoPrimary, servers: [<ServerDescription ('ac-e1h94pm-shard-00-00.m18jhwu.mongodb.net', 27017) server_type: Unknown, rtt: None, error=AutoReconnect('SSL handshake failed: ac-e1h94pm-shard-00-00.m18jhwu.mongodb.net:27017: [SSL: TLSV1_ALERT_INTERNAL_ERROR] tlsv1 alert internal error (_ssl.c:1006) (configured timeouts: socketTimeoutMS: 30000.0ms, connectTimeoutMS: 30000.0ms)')>, <ServerDescription ('ac-e1h94pm-shard-00-01.m18jhwu.mongodb.net', 27017) server_type: Unknown, rtt: None, error=AutoReconnect('SSL handshake failed: ac-e1h94pm-shard-00-01.m18jhwu.mongodb.net:27017: [SSL: TLSV1_ALERT_INTERNAL_ERROR] tlsv1 alert internal error (_ssl.c:1006) (configured timeouts: socketTimeoutMS: 30000.0ms, connectTimeoutMS: 30000.0ms)')>, <ServerDescription ('ac-e1h94pm-shard-00-02.m18jhwu.mongodb.net', 27017) server_type: Unknown, rtt: None, error=AutoReconnect('SSL handshake failed: ac-e1h94pm-shard-00-02.m18jhwu.mongodb.net:27017: [SSL: TLSV1_ALERT_INTERNAL_ERROR] tlsv1 alert internal error (_ssl.c:1006) (configured timeouts: socketTimeoutMS: 30000.0ms, connectTimeoutMS: 30000.0ms)')>]>
2025-05-12 14:06:43,652 - __main__ - ERROR - An error occurred: SSL handshake failed: ac-e1h94pm-shard-00-02.m18jhwu.mongodb.net:27017: [SSL: TLSV1_ALERT_INTERNAL_ERROR] tlsv1 alert internal error (_ssl.c:1006) (configured timeouts: socketTimeoutMS: 30000.0ms, connectTimeoutMS: 30000.0ms),SSL handshake failed: ac-e1h94pm-shard-00-01.m18jhwu.mongodb.net:27017: [SSL: TLSV1_ALERT_INTERNAL_ERROR] tlsv1 alert internal error (_ssl.c:1006) (configured timeouts: socketTimeoutMS: 30000.0ms, connectTimeoutMS: 30000.0ms),SSL handshake failed: ac-e1h94pm-shard-00-00.m18jhwu.mongodb.net:27017: [SSL: TLSV1_ALERT_INTERNAL_ERROR] tlsv1 alert internal error (_ssl.c:1006) (configured timeouts: socketTimeoutMS: 30000.0ms, connectTimeoutMS: 30000.0ms), Timeout: 30.0s, Topology Description: <TopologyDescription id: 6821d6255cb7de69abca94ec, topology_type: ReplicaSetNoPrimary, servers: [<ServerDescription ('ac-e1h94pm-shard-00-00.m18jhwu.mongodb.net', 27017) server_type: Unknown, rtt: None, error=AutoReconnect('SSL handshake failed: ac-e1h94pm-shard-00-00.m18jhwu.mongodb.net:27017: [SSL: TLSV1_ALERT_INTERNAL_ERROR] tlsv1 alert internal error (_ssl.c:1006) (configured timeouts: socketTimeoutMS: 30000.0ms, connectTimeoutMS: 30000.0ms)')>, <ServerDescription ('ac-e1h94pm-shard-00-01.m18jhwu.mongodb.net', 27017) server_type: Unknown, rtt: None, error=AutoReconnect('SSL handshake failed: ac-e1h94pm-shard-00-01.m18jhwu.mongodb.net:27017: [SSL: TLSV1_ALERT_INTERNAL_ERROR] tlsv1 alert internal error (_ssl.c:1006) (configured timeouts: socketTimeoutMS: 30000.0ms, connectTimeoutMS: 30000.0ms)')>, <ServerDescription ('ac-e1h94pm-shard-00-02.m18jhwu.mongodb.net', 27017) server_type: Unknown, rtt: None, error=AutoReconnect('SSL handshake failed: ac-e1h94pm-shard-00-02.m18jhwu.mongodb.net:27017: [SSL: TLSV1_ALERT_INTERNAL_ERROR] tlsv1 alert internal error (_ssl.c:1006) (configured timeouts: socketTimeoutMS: 30000.0ms, connectTimeoutMS: 30000.0ms)')>]>
2025-05-12 14:07:22,431 - database - INFO - Successfully connected to MongoDB
2025-05-12 14:07:24,004 - scraper - INFO - Browser initialized successfully
2025-05-12 14:07:34,747 - scraper - INFO - Successfully logged in to Twitter
2025-05-12 14:07:38,541 - scraper - INFO - Successfully navigated to profile
2025-05-12 14:07:41,542 - scraper - INFO - Starting to scrape posts...
2025-05-12 14:07:44,288 - database - INFO - Updated existing tweet from 2025-05-07T07:13:02.000Z
2025-05-12 14:07:44,288 - scraper - INFO - Scraped post 1 of 50
2025-05-12 14:07:44,848 - database - INFO - Inserted new tweet from 2025-05-12T08:37:25.000Z
2025-05-12 14:07:44,848 - scraper - INFO - Scraped post 2 of 50
2025-05-12 14:07:45,367 - database - INFO - Updated existing tweet from 2025-05-09T07:26:07.000Z
2025-05-12 14:07:45,367 - scraper - INFO - Scraped post 3 of 50
2025-05-12 14:07:45,930 - database - INFO - Inserted new tweet from 2025-05-12T08:36:57.000Z
2025-05-12 14:07:45,937 - scraper - INFO - Scraped post 4 of 50
2025-05-12 14:07:46,498 - database - INFO - Updated existing tweet from 2025-05-09T07:26:07.000Z
2025-05-12 14:07:46,498 - scraper - INFO - Scraped post 5 of 50
2025-05-12 14:07:47,050 - database - INFO - Updated existing tweet from 2025-05-07T07:11:41.000Z
2025-05-12 14:07:47,050 - scraper - INFO - Scraped post 6 of 50
2025-05-12 14:07:49,093 - scraper - INFO - Reached the end of the page
2025-05-12 14:07:49,093 - scraper - INFO - Successfully saved 6 posts to twitter_posts_20250512_140749.json
2025-05-12 14:08:21,487 - scraper - INFO - Browser closed
2025-05-12 14:08:21,698 - database - INFO - MongoDB connection closed
